  compilation object save succeeded; see M:\Underwater\Underwater\Underwater\Example10_ShadowMap\Example10_ShadowMap\fog_ps.cso
M:\Underwater\Underwater\Underwater\Example10_ShadowMap\Example10_ShadowMap\fog_vs.hlsl(45,9-52): warning X3206: implicit truncation of vector type
M:\Underwater\Underwater\Underwater\Example10_ShadowMap\Example10_ShadowMap\fog_vs.hlsl(46,14-44): warning X3206: 'mul': implicit truncation of vector type
M:\Underwater\Underwater\Underwater\Example10_ShadowMap\Example10_ShadowMap\fog_vs.hlsl(46,2-44): warning X3206: implicit truncation of vector type
M:\Underwater\Underwater\Underwater\Example10_ShadowMap\Example10_ShadowMap\fog_vs.hlsl(28,15-32): warning X3578: Output value 'main' is not completely initialized
  
  compilation object save succeeded; see M:\Underwater\Underwater\Underwater\Example10_ShadowMap\Example10_ShadowMap\fog_vs.cso
  compilation object save succeeded; see M:\Underwater\Underwater\Underwater\Example10_ShadowMap\Example10_ShadowMap\underwater_ps.cso
M:\Underwater\Underwater\Underwater\Example10_ShadowMap\Example10_ShadowMap\underwater_vs.hlsl(24,15-32): warning X3578: Output value 'main' is not completely initialized
  
  compilation object save succeeded; see M:\Underwater\Underwater\Underwater\Example10_ShadowMap\Example10_ShadowMap\underwater_vs.cso
  compilation object save succeeded; see M:\Underwater\Underwater\Underwater\Example10_ShadowMap\Example10_ShadowMap\depth_ps.cso
  compilation object save succeeded; see M:\Underwater\Underwater\Underwater\Example10_ShadowMap\Example10_ShadowMap\depth_vs.cso
M:\Underwater\Underwater\Underwater\Example10_ShadowMap\Example10_ShadowMap\shadow_ps.hlsl(72,13-70): warning X3206: 'calculateLighting': implicit truncation of vector type
M:\Underwater\Underwater\Underwater\Example10_ShadowMap\Example10_ShadowMap\shadow_ps.hlsl(87,13-70): warning X3206: 'calculateLighting': implicit truncation of vector type
  
  compilation object save succeeded; see M:\Underwater\Underwater\Underwater\Example10_ShadowMap\Example10_ShadowMap\shadow_ps.cso
  compilation object save succeeded; see M:\Underwater\Underwater\Underwater\Example10_ShadowMap\Example10_ShadowMap\shadow_vs.cso
  compilation object save succeeded; see M:\Underwater\Underwater\Underwater\Example10_ShadowMap\Example10_ShadowMap\texture_ps.cso
  App1.cpp
m:\underwater\underwater\underwater\example10_shadowmap\example10_shadowmap\app1.cpp(44): warning C4316: 'Light': object allocated on the heap may not be aligned 16
m:\underwater\underwater\underwater\example10_shadowmap\example10_shadowmap\app1.cpp(50): warning C4244: 'argument': conversion from 'int' to 'float', possible loss of data
m:\underwater\underwater\underwater\example10_shadowmap\example10_shadowmap\app1.cpp(56): warning C4244: 'argument': conversion from 'int' to 'float', possible loss of data
m:\underwater\underwater\underwater\example10_shadowmap\example10_shadowmap\app1.cpp(293): warning C4305: 'argument': truncation from 'double' to 'float'
  Example10_ShadowMap.vcxproj -> M:\Underwater\Underwater\Underwater\Example10_ShadowMap\Debug\Example10_ShadowMap.exe
